<?xml version="1.0" encoding="UTF-8"?>
<!-- Generated by org.testng.reporters.JUnitXMLReporter -->
<testsuite ignored="0" hostname="Dell-PC" failures="1" tests="1" name="Test2(failed)" time="26.181" errors="0" timestamp="2020-05-09T18:15:07 IST">
  <testcase classname="Academy.validateTitle" name="validateAppTitle" time="0.152">
    <failure type="java.lang.AssertionError" message="expected [FEATURED CO123URSES] but found [Facebook]">
      <![CDATA[java.lang.AssertionError: expected [FEATURED CO123URSES] but found [Facebook]
at Academy.validateTitle.validateAppTitle(validateTitle.java:39)
at java.base/java.util.ArrayList.forEach(ArrayList.java:1510)
... Removed 32 stack frames]]>
    </failure>
  </testcase> <!-- validateAppTitle -->
</testsuite> <!-- Test2(failed) -->
